08:57:02:790  INFO 29156 --- [user-service] [main] cn.svcci.user.UserApplication            : Starting UserApplication using Java 17.0.12 with PID 29156 (E:\development\java\projects\knowledgeBase\knowledge-server-user\target\classes started by rwwr in E:\development\java\projects\knowledgeBase)
08:57:02:793 DEBUG 29156 --- [user-service] [main] cn.svcci.user.UserApplication            : Running with Spring Boot v3.3.5, Spring v6.1.14
08:57:02:793  INFO 29156 --- [user-service] [main] cn.svcci.user.UserApplication            : No active profile set, falling back to 1 default profile: "default"
08:57:02:842  INFO 29156 --- [user-service] [main] c.a.c.n.c.NacosConfigDataLoader          : [Nacos Config] Load config[dataId=user-service-dev-sql-config.yaml, group=DEFAULT_GROUP] success
08:57:03:632  INFO 29156 --- [user-service] [main] .s.d.r.c.RepositoryConfigurationDelegate : Multiple Spring Data modules found, entering strict repository configuration mode
08:57:03:634  INFO 29156 --- [user-service] [main] .s.d.r.c.RepositoryConfigurationDelegate : Bootstrapping Spring Data Elasticsearch repositories in DEFAULT mode.
08:57:03:653  INFO 29156 --- [user-service] [main] .s.d.r.c.RepositoryConfigurationDelegate : Finished Spring Data repository scanning in 15 ms. Found 0 Elasticsearch repository interfaces.
08:57:03:658  INFO 29156 --- [user-service] [main] .s.d.r.c.RepositoryConfigurationDelegate : Multiple Spring Data modules found, entering strict repository configuration mode
08:57:03:658  INFO 29156 --- [user-service] [main] .s.d.r.c.RepositoryConfigurationDelegate : Bootstrapping Spring Data Reactive Elasticsearch repositories in DEFAULT mode.
08:57:03:663  INFO 29156 --- [user-service] [main] .s.d.r.c.RepositoryConfigurationDelegate : Finished Spring Data repository scanning in 4 ms. Found 0 Reactive Elasticsearch repository interfaces.
08:57:03:668  INFO 29156 --- [user-service] [main] .s.d.r.c.RepositoryConfigurationDelegate : Multiple Spring Data modules found, entering strict repository configuration mode
08:57:03:669  INFO 29156 --- [user-service] [main] .s.d.r.c.RepositoryConfigurationDelegate : Bootstrapping Spring Data JPA repositories in DEFAULT mode.
08:57:03:676  INFO 29156 --- [user-service] [main] .s.d.r.c.RepositoryConfigurationDelegate : Finished Spring Data repository scanning in 4 ms. Found 0 JPA repository interfaces.
08:57:03:882  INFO 29156 --- [user-service] [main] o.s.cloud.context.scope.GenericScope     : BeanFactory id=d1cbcb3e-4ee6-3c20-ab6c-59806c09030e
08:57:04:083  WARN 29156 --- [user-service] [main] trationDelegate$BeanPostProcessorChecker : Bean 'org.springframework.cloud.client.loadbalancer.LoadBalancerAutoConfiguration$DeferringLoadBalancerInterceptorConfig' of type [org.springframework.cloud.client.loadbalancer.LoadBalancerAutoConfiguration$DeferringLoadBalancerInterceptorConfig] is not eligible for getting processed by all BeanPostProcessors (for example: not eligible for auto-proxying). The currently created BeanPostProcessor [lbRestClientPostProcessor] is declared through a non-static factory method on that class; consider declaring it as static instead.
08:57:04:085  WARN 29156 --- [user-service] [main] trationDelegate$BeanPostProcessorChecker : Bean 'deferringLoadBalancerInterceptor' of type [org.springframework.cloud.client.loadbalancer.DeferringLoadBalancerInterceptor] is not eligible for getting processed by all BeanPostProcessors (for example: not eligible for auto-proxying). Is this bean getting eagerly injected/applied to a currently created BeanPostProcessor [lbRestClientPostProcessor]? Check the corresponding BeanPostProcessor declaration and its dependencies/advisors. If this bean does not have to be post-processed, declare it with ROLE_INFRASTRUCTURE.
08:57:04:273  INFO 29156 --- [user-service] [main] o.s.b.w.embedded.tomcat.TomcatWebServer  : Tomcat initialized with port 8081 (http)
08:57:04:275  INFO 29156 --- [user-service] [main] o.a.catalina.core.AprLifecycleListener   : Loaded Apache Tomcat Native library [2.0.8] using APR version [1.7.4].
08:57:04:277  INFO 29156 --- [user-service] [main] o.a.catalina.core.AprLifecycleListener   : OpenSSL successfully initialized [OpenSSL 3.0.14 4 Jun 2024]
08:57:04:288  INFO 29156 --- [user-service] [main] o.apache.catalina.core.StandardService   : Starting service [Tomcat]
08:57:04:289  INFO 29156 --- [user-service] [main] o.apache.catalina.core.StandardEngine    : Starting Servlet engine: [Apache Tomcat/10.1.31]
08:57:04:384  INFO 29156 --- [user-service] [main] o.a.c.c.C.[Tomcat].[localhost].[/]       : Initializing Spring embedded WebApplicationContext
08:57:04:384  INFO 29156 --- [user-service] [main] w.s.c.ServletWebServerApplicationContext : Root WebApplicationContext: initialization completed in 1540 ms
08:57:04:495  INFO 29156 --- [user-service] [main] com.zaxxer.hikari.HikariDataSource       : HikariPool-1 - Starting...
08:57:04:723  INFO 29156 --- [user-service] [main] com.zaxxer.hikari.pool.HikariPool        : HikariPool-1 - Added connection com.mysql.cj.jdbc.ConnectionImpl@4687366b
08:57:04:725  INFO 29156 --- [user-service] [main] com.zaxxer.hikari.HikariDataSource       : HikariPool-1 - Start completed.
08:57:04:757  INFO 29156 --- [user-service] [main] o.hibernate.jpa.internal.util.LogHelper  : HHH000204: Processing PersistenceUnitInfo [name: default]
08:57:04:810  INFO 29156 --- [user-service] [main] org.hibernate.Version                    : HHH000412: Hibernate ORM core version 6.5.3.Final
08:57:04:846  INFO 29156 --- [user-service] [main] o.h.c.internal.RegionFactoryInitiator    : HHH000026: Second-level cache disabled
08:57:05:189  INFO 29156 --- [user-service] [main] o.s.o.j.p.SpringPersistenceUnitInfo      : No LoadTimeWeaver setup: ignoring JPA class transformer
08:57:05:582  INFO 29156 --- [user-service] [main] o.h.e.t.j.p.i.JtaPlatformInitiator       : HHH000489: No JTA platform available (set 'hibernate.transaction.jta.platform' to enable JTA platform integration)
08:57:05:588  INFO 29156 --- [user-service] [main] j.LocalContainerEntityManagerFactoryBean : Initialized JPA EntityManagerFactory for persistence unit 'default'
08:57:05:919  WARN 29156 --- [user-service] [main] c.b.m.core.metadata.TableInfoHelper      : Can not find table primary key in Class: "cn.svcci.user.damain.entity.UserRole".
08:57:05:920  WARN 29156 --- [user-service] [main] c.b.m.core.injector.DefaultSqlInjector   : class cn.svcci.user.damain.entity.UserRole ,Not found @TableId annotation, Cannot use Mybatis-Plus 'xxById' Method.
08:57:06:112  WARN 29156 --- [user-service] [main] JpaBaseConfiguration$JpaWebConfiguration : spring.jpa.open-in-view is enabled by default. Therefore, database queries may be performed during view rendering. Explicitly configure spring.jpa.open-in-view to disable this warning
08:57:07:639  INFO 29156 --- [user-service] [main] o.s.cloud.commons.util.InetUtils         : Cannot determine local hostname
08:57:09:300  INFO 29156 --- [user-service] [main] o.s.cloud.commons.util.InetUtils         : Cannot determine local hostname
08:57:09:330  WARN 29156 --- [user-service] [main] iguration$LoadBalancerCaffeineWarnLogger : Spring Cloud LoadBalancer is currently working with the default cache. While this cache implementation is useful for development and tests, it's recommended to use Caffeine cache in production.You can switch to using Caffeine cache, by adding it and org.springframework.cache.caffeine.CaffeineCacheManager to the classpath.
08:57:09:395  INFO 29156 --- [user-service] [main] o.s.b.w.embedded.tomcat.TomcatWebServer  : Tomcat started on port 8081 (http) with context path '/'
08:57:09:403  INFO 29156 --- [user-service] [main] com.alibaba.nacos.client.naming          : initializer namespace from ans.namespace attribute : null
08:57:09:403  INFO 29156 --- [user-service] [main] com.alibaba.nacos.client.naming          : initializer namespace from ALIBABA_ALIWARE_NAMESPACE attribute :null
08:57:09:404  INFO 29156 --- [user-service] [main] com.alibaba.nacos.client.naming          : initializer namespace from namespace attribute :null
08:57:09:410  INFO 29156 --- [user-service] [main] com.alibaba.nacos.client.naming          : FailoverDataSource type is class com.alibaba.nacos.client.naming.backups.datasource.DiskFailoverDataSource
08:57:09:414  INFO 29156 --- [user-service] [main] c.a.n.p.a.s.c.ClientAuthPluginManager    : [ClientAuthPluginManager] Load ClientAuthService com.alibaba.nacos.client.auth.impl.NacosClientAuthServiceImpl success.
08:57:09:414  INFO 29156 --- [user-service] [main] c.a.n.p.a.s.c.ClientAuthPluginManager    : [ClientAuthPluginManager] Load ClientAuthService com.alibaba.nacos.client.auth.ram.RamClientAuthServiceImpl success.
08:57:09:417  INFO 29156 --- [user-service] [main] com.alibaba.nacos.common.remote.client   : [RpcClientFactory] create a new rpc client of 771d4025-fbf6-4a9f-8c2e-8c77b8ce73c6
08:57:09:418  INFO 29156 --- [user-service] [main] com.alibaba.nacos.client.naming          : Create naming rpc client for uuid->771d4025-fbf6-4a9f-8c2e-8c77b8ce73c6
08:57:09:418  INFO 29156 --- [user-service] [main] com.alibaba.nacos.common.remote.client   : [771d4025-fbf6-4a9f-8c2e-8c77b8ce73c6] RpcClient init, ServerListFactory = com.alibaba.nacos.client.naming.core.ServerListManager
08:57:09:418  INFO 29156 --- [user-service] [main] com.alibaba.nacos.common.remote.client   : [771d4025-fbf6-4a9f-8c2e-8c77b8ce73c6] Registry connection listener to current client:com.alibaba.nacos.client.naming.remote.gprc.redo.NamingGrpcRedoService
08:57:09:419  INFO 29156 --- [user-service] [main] com.alibaba.nacos.common.remote.client   : [771d4025-fbf6-4a9f-8c2e-8c77b8ce73c6] Register server push request handler:com.alibaba.nacos.client.naming.remote.gprc.NamingPushRequestHandler
08:57:09:419  INFO 29156 --- [user-service] [main] com.alibaba.nacos.common.remote.client   : [771d4025-fbf6-4a9f-8c2e-8c77b8ce73c6] Try to connect to server on start up, server: {serverIp = '127.0.0.1', server main port = 8848}
08:57:09:419  INFO 29156 --- [user-service] [main] c.a.n.c.remote.client.grpc.GrpcClient    : grpc client connection server:127.0.0.1 ip,serverPort:9848,grpcTslConfig:{"sslProvider":"","enableTls":false,"mutualAuthEnable":false,"trustAll":false}
08:57:09:430  INFO 29156 --- [user-service] [main] com.alibaba.nacos.common.remote.client   : [771d4025-fbf6-4a9f-8c2e-8c77b8ce73c6] Success to connect to server [127.0.0.1:8848] on start up, connectionId = 1735174629423_127.0.0.1_65084
08:57:09:430  INFO 29156 --- [user-service] [main] com.alibaba.nacos.common.remote.client   : [771d4025-fbf6-4a9f-8c2e-8c77b8ce73c6] Register server push request handler:com.alibaba.nacos.common.remote.client.RpcClient$ConnectResetRequestHandler
08:57:09:430  INFO 29156 --- [user-service] [com.alibaba.nacos.client.remote.worker.0] com.alibaba.nacos.common.remote.client   : [771d4025-fbf6-4a9f-8c2e-8c77b8ce73c6] Notify connected event to listeners.
08:57:09:430  INFO 29156 --- [user-service] [main] com.alibaba.nacos.common.remote.client   : [771d4025-fbf6-4a9f-8c2e-8c77b8ce73c6] Register server push request handler:com.alibaba.nacos.common.remote.client.RpcClient$$Lambda$360/0x000001c08139edd0
08:57:09:430  INFO 29156 --- [user-service] [com.alibaba.nacos.client.remote.worker.0] com.alibaba.nacos.client.naming          : Grpc connection connect
08:57:09:431  INFO 29156 --- [user-service] [main] com.alibaba.nacos.client.naming          : [REGISTER-SERVICE] public registering service user-service with instance Instance{instanceId='null', ip='192.168.27.1', port=8081, weight=1.0, healthy=true, enabled=true, ephemeral=true, clusterName='', serviceName='null', metadata={IPv6=null, preserved.register.source=SPRING_CLOUD}}
08:57:09:441  INFO 29156 --- [user-service] [main] c.a.c.n.registry.NacosServiceRegistry    : nacos registry, DEFAULT_GROUP user-service 192.168.27.1:8081 register finished
08:57:10:543  INFO 29156 --- [user-service] [main] o.s.cloud.commons.util.InetUtils         : Cannot determine local hostname
08:57:10:552  INFO 29156 --- [user-service] [main] cn.svcci.user.UserApplication            : Started UserApplication in 10.613 seconds (process running for 11.355)
08:57:10:557  INFO 29156 --- [user-service] [main] c.a.nacos.client.config.impl.CacheData   : config listener notify warn timeout millis use default 60000 millis 
08:57:10:557  INFO 29156 --- [user-service] [main] c.a.nacos.client.config.impl.CacheData   : nacos.cache.data.init.snapshot = true 
08:57:10:559  INFO 29156 --- [user-service] [main] c.a.n.client.config.impl.ClientWorker    : [fixed-8648100a-894e-469e-b4b7-0b191a94a21d-127.0.0.1_8848] [subscribe] user-service-dev-sql-config.yaml+DEFAULT_GROUP+8648100a-894e-469e-b4b7-0b191a94a21d
08:57:10:567  INFO 29156 --- [user-service] [main] c.a.nacos.client.config.impl.CacheData   : [fixed-8648100a-894e-469e-b4b7-0b191a94a21d-127.0.0.1_8848] [add-listener] ok, tenant=8648100a-894e-469e-b4b7-0b191a94a21d, dataId=user-service-dev-sql-config.yaml, group=DEFAULT_GROUP, cnt=1
08:57:10:568  INFO 29156 --- [user-service] [main] c.a.c.n.refresh.NacosContextRefresher    : [Nacos Config] Listening config: dataId=user-service-dev-sql-config.yaml, group=DEFAULT_GROUP
08:58:45:137  INFO 29156 --- [user-service] [http-nio-8081-exec-1] o.a.c.c.C.[Tomcat].[localhost].[/]       : Initializing Spring DispatcherServlet 'dispatcherServlet'
08:58:45:138  INFO 29156 --- [user-service] [http-nio-8081-exec-1] o.s.web.servlet.DispatcherServlet        : Initializing Servlet 'dispatcherServlet'
08:58:45:139  INFO 29156 --- [user-service] [http-nio-8081-exec-1] o.s.web.servlet.DispatcherServlet        : Completed initialization in 1 ms
08:58:45:537 DEBUG 29156 --- [user-service] [http-nio-8081-exec-1] c.s.user.mapper.UserMapper.selectList    : ==>  Preparing: SELECT id,username,email,password,image,created_at,updated_at,is_active FROM user WHERE (email = ?)
08:58:45:594 DEBUG 29156 --- [user-service] [http-nio-8081-exec-1] c.s.user.mapper.UserMapper.selectList    : ==> Parameters: usertest@qq.com(String)
08:58:45:615 DEBUG 29156 --- [user-service] [http-nio-8081-exec-1] c.s.user.mapper.UserMapper.selectList    : <==      Total: 1
08:58:45:723  INFO 29156 --- [user-service] [http-nio-8081-exec-1] c.s.user.service.impl.UserServiceImpl    : 开始构建jwt秘钥
08:58:45:724  INFO 29156 --- [user-service] [http-nio-8081-exec-1] cn.svcci.common.utils.JwtTool            :  加密时的secretKey javax.crypto.spec.SecretKeySpec@fa77547a
08:58:45:840  INFO 29156 --- [user-service] [http-nio-8081-exec-1] c.s.user.service.impl.UserServiceImpl    : 构建jwt秘钥成功，jwt=eyJhbGciOiJIUzI1NiJ9.eyJ1c2VySWQiOjMsInVzZXJuYW1lIjoidXNlcnRlc3QiLCJleHAiOjE3MzUxNzUzMzB9.zYeNE4-VgQQyyHZdTawjc_I6IAgiGXvz84_ygFXvURc
08:59:27:719  INFO 29156 --- [user-service] [http-nio-8081-exec-4] c.s.user.service.impl.UserServiceImpl    : 查询用户信息，登录状态：3
08:59:27:720 DEBUG 29156 --- [user-service] [http-nio-8081-exec-4] c.s.user.mapper.UserMapper.selectList    : ==>  Preparing: SELECT id,username,email,password,image,created_at,updated_at,is_active FROM user WHERE (id = ?)
08:59:27:721 DEBUG 29156 --- [user-service] [http-nio-8081-exec-4] c.s.user.mapper.UserMapper.selectList    : ==> Parameters: 3(Long)
08:59:27:724 DEBUG 29156 --- [user-service] [http-nio-8081-exec-4] c.s.user.mapper.UserMapper.selectList    : <==      Total: 1
08:59:27:725  INFO 29156 --- [user-service] [http-nio-8081-exec-4] cn.svcci.user.converter.UserConverter    : 开始转换 User to UserDto
08:59:27:726  INFO 29156 --- [user-service] [http-nio-8081-exec-4] cn.svcci.user.converter.UserConverter    : 转换完成
09:00:44:932  INFO 29156 --- [user-service] [http-nio-8081-exec-2] c.s.user.service.impl.UserServiceImpl    : 查询用户信息，登录状态：3
09:00:44:933 DEBUG 29156 --- [user-service] [http-nio-8081-exec-2] c.s.user.mapper.UserMapper.selectList    : ==>  Preparing: SELECT id,username,email,password,image,created_at,updated_at,is_active FROM user WHERE (id = ?)
09:00:44:934 DEBUG 29156 --- [user-service] [http-nio-8081-exec-2] c.s.user.mapper.UserMapper.selectList    : ==> Parameters: 3(Long)
09:00:44:936 DEBUG 29156 --- [user-service] [http-nio-8081-exec-2] c.s.user.mapper.UserMapper.selectList    : <==      Total: 1
09:00:44:936  INFO 29156 --- [user-service] [http-nio-8081-exec-2] cn.svcci.user.converter.UserConverter    : 开始转换 User to UserDto
09:00:44:936  INFO 29156 --- [user-service] [http-nio-8081-exec-2] cn.svcci.user.converter.UserConverter    : 转换完成
09:06:13:304  INFO 29156 --- [user-service] [http-nio-8081-exec-6] c.s.user.service.impl.UserServiceImpl    : 查询用户信息，登录状态：3
09:06:13:306 DEBUG 29156 --- [user-service] [http-nio-8081-exec-6] c.s.user.mapper.UserMapper.selectList    : ==>  Preparing: SELECT id,username,email,password,image,created_at,updated_at,is_active FROM user WHERE (id = ?)
09:06:13:306 DEBUG 29156 --- [user-service] [http-nio-8081-exec-6] c.s.user.mapper.UserMapper.selectList    : ==> Parameters: 3(Long)
09:06:13:307 DEBUG 29156 --- [user-service] [http-nio-8081-exec-6] c.s.user.mapper.UserMapper.selectList    : <==      Total: 1
09:06:13:308  INFO 29156 --- [user-service] [http-nio-8081-exec-6] cn.svcci.user.converter.UserConverter    : 开始转换 User to UserDto
09:06:13:308  INFO 29156 --- [user-service] [http-nio-8081-exec-6] cn.svcci.user.converter.UserConverter    : 转换完成
09:10:08:923 DEBUG 29156 --- [user-service] [http-nio-8081-exec-8] c.s.user.mapper.UserMapper.selectList    : ==>  Preparing: SELECT id,username,email,password,image,created_at,updated_at,is_active FROM user WHERE (email = ?)
09:10:08:924 DEBUG 29156 --- [user-service] [http-nio-8081-exec-8] c.s.user.mapper.UserMapper.selectList    : ==> Parameters: usertest@qq.com(String)
09:10:08:926 DEBUG 29156 --- [user-service] [http-nio-8081-exec-8] c.s.user.mapper.UserMapper.selectList    : <==      Total: 1
09:10:08:987  INFO 29156 --- [user-service] [http-nio-8081-exec-8] c.s.user.service.impl.UserServiceImpl    : 开始构建jwt秘钥
09:10:08:987  INFO 29156 --- [user-service] [http-nio-8081-exec-8] cn.svcci.common.utils.JwtTool            :  加密时的secretKey javax.crypto.spec.SecretKeySpec@fa77547a
09:10:08:988  INFO 29156 --- [user-service] [http-nio-8081-exec-8] c.s.user.service.impl.UserServiceImpl    : 构建jwt秘钥成功，jwt=eyJhbGciOiJIUzI1NiJ9.eyJ1c2VySWQiOjMsInVzZXJuYW1lIjoidXNlcnRlc3QiLCJleHAiOjE3MzUxNzYwMTN9.-THvI40NtAyzCwU5bLyL-yTmqCU0MZLjywN6BMp6yEc
09:24:21:001 DEBUG 29156 --- [user-service] [http-nio-8081-exec-10] c.s.user.mapper.UserMapper.selectList    : ==>  Preparing: SELECT id,username,email,password,image,created_at,updated_at,is_active FROM user WHERE (email = ?)
09:24:21:002 DEBUG 29156 --- [user-service] [http-nio-8081-exec-10] c.s.user.mapper.UserMapper.selectList    : ==> Parameters: 2509278665@qq.com(String)
09:24:21:004 DEBUG 29156 --- [user-service] [http-nio-8081-exec-10] c.s.user.mapper.UserMapper.selectList    : <==      Total: 1
09:24:21:110 ERROR 29156 --- [user-service] [http-nio-8081-exec-10] c.s.user.service.impl.UserServiceImpl    :  邮箱:2509278665@qq.com 的用户密码错误
09:24:29:734 ERROR 29156 --- [user-service] [http-nio-8081-exec-1] c.s.c.exception.GlobalExceptionHandler   : 请求参数验证失败: password: 密码长度必须至少为8个字符
09:24:35:485 DEBUG 29156 --- [user-service] [http-nio-8081-exec-4] c.s.user.mapper.UserMapper.selectList    : ==>  Preparing: SELECT id,username,email,password,image,created_at,updated_at,is_active FROM user WHERE (email = ?)
09:24:35:486 DEBUG 29156 --- [user-service] [http-nio-8081-exec-4] c.s.user.mapper.UserMapper.selectList    : ==> Parameters: 2509278665@qq.com(String)
09:24:35:487 DEBUG 29156 --- [user-service] [http-nio-8081-exec-4] c.s.user.mapper.UserMapper.selectList    : <==      Total: 1
09:24:35:571 ERROR 29156 --- [user-service] [http-nio-8081-exec-4] c.s.user.service.impl.UserServiceImpl    :  邮箱:2509278665@qq.com 的用户密码错误
09:25:50:411 DEBUG 29156 --- [user-service] [http-nio-8081-exec-2] c.s.user.mapper.UserMapper.selectList    : ==>  Preparing: SELECT id,username,email,password,image,created_at,updated_at,is_active FROM user WHERE (email = ?)
09:25:50:411 DEBUG 29156 --- [user-service] [http-nio-8081-exec-2] c.s.user.mapper.UserMapper.selectList    : ==> Parameters: 2509278665@qq.com(String)
09:25:50:416 DEBUG 29156 --- [user-service] [http-nio-8081-exec-2] c.s.user.mapper.UserMapper.selectList    : <==      Total: 1
09:25:50:483 ERROR 29156 --- [user-service] [http-nio-8081-exec-2] c.s.user.service.impl.UserServiceImpl    :  邮箱:2509278665@qq.com 的用户密码错误
09:25:55:250 DEBUG 29156 --- [user-service] [http-nio-8081-exec-5] c.s.user.mapper.UserMapper.selectList    : ==>  Preparing: SELECT id,username,email,password,image,created_at,updated_at,is_active FROM user WHERE (email = ?)
09:25:55:250 DEBUG 29156 --- [user-service] [http-nio-8081-exec-5] c.s.user.mapper.UserMapper.selectList    : ==> Parameters: 2509278665@qq.com(String)
09:25:55:252 DEBUG 29156 --- [user-service] [http-nio-8081-exec-5] c.s.user.mapper.UserMapper.selectList    : <==      Total: 1
09:25:55:315 ERROR 29156 --- [user-service] [http-nio-8081-exec-5] c.s.user.service.impl.UserServiceImpl    :  邮箱:2509278665@qq.com 的用户密码错误
09:29:00:278 DEBUG 29156 --- [user-service] [http-nio-8081-exec-7] c.s.user.mapper.UserMapper.selectList    : ==>  Preparing: SELECT id,username,email,password,image,created_at,updated_at,is_active FROM user WHERE (email = ?)
09:29:00:279 DEBUG 29156 --- [user-service] [http-nio-8081-exec-7] c.s.user.mapper.UserMapper.selectList    : ==> Parameters: usertest@qq.com(String)
09:29:00:280 DEBUG 29156 --- [user-service] [http-nio-8081-exec-7] c.s.user.mapper.UserMapper.selectList    : <==      Total: 1
09:29:00:342  INFO 29156 --- [user-service] [http-nio-8081-exec-7] c.s.user.service.impl.UserServiceImpl    : 开始构建jwt秘钥
09:29:00:342  INFO 29156 --- [user-service] [http-nio-8081-exec-7] cn.svcci.common.utils.JwtTool            :  加密时的secretKey javax.crypto.spec.SecretKeySpec@fa77547a
09:29:00:342  INFO 29156 --- [user-service] [http-nio-8081-exec-7] c.s.user.service.impl.UserServiceImpl    : 构建jwt秘钥成功，jwt=eyJhbGciOiJIUzI1NiJ9.eyJ1c2VySWQiOjMsInVzZXJuYW1lIjoidXNlcnRlc3QiLCJleHAiOjE3MzUxNzcxNDV9.fyYEvZ2_zC6sCS0kiJK0zJYfndCo-0xTvkMmvEueoHU
10:43:04:834 DEBUG 29156 --- [user-service] [http-nio-8081-exec-9] c.s.user.mapper.UserMapper.selectList    : ==>  Preparing: SELECT id,username,email,password,image,created_at,updated_at,is_active FROM user WHERE (email = ?)
10:43:04:834 DEBUG 29156 --- [user-service] [http-nio-8081-exec-9] c.s.user.mapper.UserMapper.selectList    : ==> Parameters: usertest@qq.com(String)
10:43:04:835 DEBUG 29156 --- [user-service] [http-nio-8081-exec-9] c.s.user.mapper.UserMapper.selectList    : <==      Total: 1
10:43:04:895  INFO 29156 --- [user-service] [http-nio-8081-exec-9] c.s.user.service.impl.UserServiceImpl    : 开始构建jwt秘钥
10:43:04:896  INFO 29156 --- [user-service] [http-nio-8081-exec-9] cn.svcci.common.utils.JwtTool            :  加密时的secretKey javax.crypto.spec.SecretKeySpec@fa77547a
10:43:04:896  INFO 29156 --- [user-service] [http-nio-8081-exec-9] c.s.user.service.impl.UserServiceImpl    : 构建jwt秘钥成功，jwt=eyJhbGciOiJIUzI1NiJ9.eyJ1c2VySWQiOjMsInVzZXJuYW1lIjoidXNlcnRlc3QiLCJleHAiOjE3MzUxODE1ODl9.0oOqPkD-FI8o9T8m_6Sjh3rlD83H_Vpn-gZmljbMN5Y
12:29:58:223  WARN 29156 --- [user-service] [Thread-3] c.a.nacos.common.notify.NotifyCenter     : [NotifyCenter] Start destroying Publisher
12:29:58:223  WARN 29156 --- [user-service] [Thread-1] c.a.n.common.http.HttpClientBeanHolder   : [HttpClientBeanHolder] Start destroying common HttpClient
12:29:58:224  WARN 29156 --- [user-service] [Thread-3] c.a.nacos.common.notify.NotifyCenter     : [NotifyCenter] Destruction of the end
12:29:58:225  WARN 29156 --- [user-service] [Thread-1] c.a.n.common.http.HttpClientBeanHolder   : [HttpClientBeanHolder] Destruction of the end
12:29:58:549  INFO 29156 --- [user-service] [SpringApplicationShutdownHook] c.a.c.n.registry.NacosServiceRegistry    : De-registering from Nacos Server now...
12:29:58:550  INFO 29156 --- [user-service] [SpringApplicationShutdownHook] com.alibaba.nacos.client.naming          : [DEREGISTER-SERVICE] public deregistering service user-service with instance: Instance{instanceId='null', ip='192.168.27.1', port=8081, weight=1.0, healthy=true, enabled=true, ephemeral=true, clusterName='', serviceName='null', metadata={}}
12:29:58:557  INFO 29156 --- [user-service] [SpringApplicationShutdownHook] c.a.c.n.registry.NacosServiceRegistry    : De-registration finished.
12:29:58:558  INFO 29156 --- [user-service] [SpringApplicationShutdownHook] com.alibaba.nacos.client.naming          : com.alibaba.nacos.client.naming.cache.ServiceInfoHolder do shutdown begin
12:29:58:558  INFO 29156 --- [user-service] [SpringApplicationShutdownHook] com.alibaba.nacos.client.naming          : com.alibaba.nacos.client.naming.backups.FailoverReactor do shutdown begin
12:29:58:558  INFO 29156 --- [user-service] [SpringApplicationShutdownHook] com.alibaba.nacos.client.naming          : com.alibaba.nacos.client.naming.backups.FailoverReactor do shutdown stop
12:29:58:558  INFO 29156 --- [user-service] [SpringApplicationShutdownHook] com.alibaba.nacos.client.naming          : com.alibaba.nacos.client.naming.cache.ServiceInfoHolder do shutdown stop
12:29:58:558  INFO 29156 --- [user-service] [SpringApplicationShutdownHook] com.alibaba.nacos.client.naming          : com.alibaba.nacos.client.naming.remote.NamingClientProxyDelegate do shutdown begin
12:29:58:558  INFO 29156 --- [user-service] [SpringApplicationShutdownHook] com.alibaba.nacos.client.naming          : com.alibaba.nacos.client.naming.core.ServiceInfoUpdateService do shutdown begin
12:29:58:558  INFO 29156 --- [user-service] [SpringApplicationShutdownHook] com.alibaba.nacos.client.naming          : com.alibaba.nacos.client.naming.core.ServiceInfoUpdateService do shutdown stop
12:29:58:558  INFO 29156 --- [user-service] [SpringApplicationShutdownHook] com.alibaba.nacos.client.naming          : com.alibaba.nacos.client.naming.core.ServerListManager do shutdown begin
12:29:58:558  WARN 29156 --- [user-service] [SpringApplicationShutdownHook] com.alibaba.nacos.client.naming          : [NamingHttpClientManager] Start destroying NacosRestTemplate
12:29:58:558  WARN 29156 --- [user-service] [SpringApplicationShutdownHook] com.alibaba.nacos.client.naming          : [NamingHttpClientManager] Destruction of the end
12:29:58:558  INFO 29156 --- [user-service] [SpringApplicationShutdownHook] com.alibaba.nacos.client.naming          : com.alibaba.nacos.client.naming.core.ServerListManager do shutdown stop
12:29:58:559  INFO 29156 --- [user-service] [SpringApplicationShutdownHook] com.alibaba.nacos.client.naming          : com.alibaba.nacos.client.naming.remote.http.NamingHttpClientProxy do shutdown begin
12:29:58:559  WARN 29156 --- [user-service] [SpringApplicationShutdownHook] com.alibaba.nacos.client.naming          : [NamingHttpClientManager] Start destroying NacosRestTemplate
12:29:58:559  WARN 29156 --- [user-service] [SpringApplicationShutdownHook] com.alibaba.nacos.client.naming          : [NamingHttpClientManager] Destruction of the end
12:29:58:559  INFO 29156 --- [user-service] [SpringApplicationShutdownHook] com.alibaba.nacos.client.naming          : com.alibaba.nacos.client.naming.remote.http.NamingHttpClientProxy do shutdown stop
12:29:58:559  INFO 29156 --- [user-service] [SpringApplicationShutdownHook] com.alibaba.nacos.client.naming          : Shutdown naming grpc client proxy for  uuid->771d4025-fbf6-4a9f-8c2e-8c77b8ce73c6
12:29:58:559  INFO 29156 --- [user-service] [SpringApplicationShutdownHook] com.alibaba.nacos.client.naming          : Shutdown grpc redo service executor java.util.concurrent.ScheduledThreadPoolExecutor@34c27bfe[Running, pool size = 1, active threads = 0, queued tasks = 1, completed tasks = 4244]
12:29:58:560  INFO 29156 --- [user-service] [SpringApplicationShutdownHook] com.alibaba.nacos.common.remote.client   : Shutdown rpc client, set status to shutdown
12:29:58:560  INFO 29156 --- [user-service] [SpringApplicationShutdownHook] com.alibaba.nacos.common.remote.client   : Shutdown client event executor java.util.concurrent.ScheduledThreadPoolExecutor@211a6a2e[Running, pool size = 2, active threads = 2, queued tasks = 0, completed tasks = 0]
12:29:58:560  INFO 29156 --- [user-service] [SpringApplicationShutdownHook] com.alibaba.nacos.common.remote.client   : Close current connection 1735174629423_127.0.0.1_65084
12:29:58:561  INFO 29156 --- [user-service] [nacos-grpc-client-executor-127.0.0.1-2440] c.a.n.c.remote.client.grpc.GrpcClient    : [1735174629423_127.0.0.1_65084]Ignore complete event,isRunning:false,isAbandon=false
12:29:58:566  INFO 29156 --- [user-service] [SpringApplicationShutdownHook] c.a.n.c.remote.client.grpc.GrpcClient    : Shutdown grpc executor java.util.concurrent.ThreadPoolExecutor@55644602[Running, pool size = 4, active threads = 0, queued tasks = 0, completed tasks = 2441]
12:29:58:566  INFO 29156 --- [user-service] [SpringApplicationShutdownHook] com.alibaba.nacos.client.naming          : shutdown and remove naming rpc client  for uuid ->771d4025-fbf6-4a9f-8c2e-8c77b8ce73c6
12:29:58:567  INFO 29156 --- [user-service] [SpringApplicationShutdownHook] c.a.n.c.a.r.identify.CredentialWatcher   : [null] CredentialWatcher is stopped
12:29:58:567  INFO 29156 --- [user-service] [SpringApplicationShutdownHook] c.a.n.c.a.r.identify.CredentialService   : [null] CredentialService is freed
12:29:58:567  INFO 29156 --- [user-service] [SpringApplicationShutdownHook] com.alibaba.nacos.client.naming          : com.alibaba.nacos.client.naming.remote.NamingClientProxyDelegate do shutdown stop
12:29:58:570  INFO 29156 --- [user-service] [SpringApplicationShutdownHook] j.LocalContainerEntityManagerFactoryBean : Closing JPA EntityManagerFactory for persistence unit 'default'
12:29:58:574  INFO 29156 --- [user-service] [SpringApplicationShutdownHook] com.zaxxer.hikari.HikariDataSource       : HikariPool-1 - Shutdown initiated...
12:29:58:578  INFO 29156 --- [user-service] [SpringApplicationShutdownHook] com.zaxxer.hikari.HikariDataSource       : HikariPool-1 - Shutdown completed.
